-------------------------------------------
Batch: 0
-------------------------------------------
+--------------------+-----+
|            customer|score|
+--------------------+-----+
|Larry.Spencer@tes...|  4.5|
|Larry.Lincoln@tes...| 12.0|
|Santosh.Lincoln@t...| -1.0|
| Lyn.Howard@test.com| -3.0|
|Trevor.Fibonnaci@...| -5.0|
|     Dan.Wu@test.com| -1.0|
|Jacob.Sanchez@tes...| -2.0|
|Bobby.Spencer@tes...| -1.0|
|Bobby.Phillips@te...| -4.0|
|Gail.Clayton@test...|  0.0|
| John.Smith@test.com| -1.5|
|Jason.Harris@test...| 50.5|
|Danny.Abram@test.com| 36.5|
|Sean.Jefferson@te...|-17.0|
|Edward.Jefferson@...| -5.5|
|Trevor.Jackson@te...| -6.5|
| Eric.Abram@test.com|-36.0|
|Angie.Doshi@test.com|-10.0|
|Jerry.Khatib@test...| -5.0|
|Danny.Jones@test.com|-13.0|
+--------------------+-----+
only showing top 20 rows

-------------------------------------------
Batch: 1
-------------------------------------------
+--------------------+-----+
|            customer|score|
+--------------------+-----+
|Trevor.Fibonnaci@...| -1.0|
|     Dan.Wu@test.com| -3.0|
|Jacob.Sanchez@tes...| -4.5|
|Bobby.Spencer@tes...| -4.0|
|Bobby.Phillips@te...|  0.0|
|Gail.Clayton@test...| -3.5|
| John.Smith@test.com|  0.0|
|Jason.Harris@test...| 17.5|
|Danny.Abram@test.com|-12.5|
|Sean.Jefferson@te...| -3.5|
|Edward.Jefferson@...|-14.0|
+--------------------+-----+

-------------------------------------------
Batch: 2
-------------------------------------------
+--------------------+-----+
|            customer|score|
+--------------------+-----+
|Trevor.Jackson@te...|-26.5|
| Eric.Abram@test.com| -7.0|
+--------------------+-----+

-------------------------------------------
Batch: 3
-------------------------------------------
+--------------------+-----+
|            customer|score|
+--------------------+-----+
|Angie.Doshi@test.com|-20.0|
+--------------------+-----+

-------------------------------------------
Batch: 4
-------------------------------------------
+--------------------+-----+
|            customer|score|
+--------------------+-----+
|Jerry.Khatib@test...| -8.0|
+--------------------+-----+

-------------------------------------------
Batch: 5
-------------------------------------------
+--------------------+-----+
|            customer|score|
+--------------------+-----+
|Danny.Jones@test.com|-20.5|
+--------------------+-----+

-------------------------------------------
Batch: 6
-------------------------------------------
+--------------------+-----+
|            customer|score|
+--------------------+-----+
|Larry.Spencer@tes...| 29.5|
+--------------------+-----+

-------------------------------------------
Batch: 7
-------------------------------------------
+--------------------+-----+
|            customer|score|
+--------------------+-----+
|Larry.Lincoln@tes...|  0.5|
+--------------------+-----+

-------------------------------------------
Batch: 8
-------------------------------------------
+--------------------+-----+
|            customer|score|
+--------------------+-----+
|Santosh.Lincoln@t...| -4.5|
+--------------------+-----+

-------------------------------------------
Batch: 9
-------------------------------------------
+-------------------+-----+
|           customer|score|
+-------------------+-----+
|Lyn.Howard@test.com| -3.5|
+-------------------+-----+

