Spark Command: /usr/lib/jvm/java-8-openjdk-amd64/jre/bin/java -cp /opt/spark-2.3.4-bin-hadoop2.7/conf/:/opt/spark-2.3.4-bin-hadoop2.7/jars/* -Xmx1g org.apache.spark.deploy.master.Master --host dcbd43802322 --port 7077 --webui-port 8080
========================================
2021-07-14 11:07:53 INFO  Master:2612 - Started daemon with process name: 1626@dcbd43802322
2021-07-14 11:07:53 INFO  SignalUtils:54 - Registered signal handler for TERM
2021-07-14 11:07:53 INFO  SignalUtils:54 - Registered signal handler for HUP
2021-07-14 11:07:53 INFO  SignalUtils:54 - Registered signal handler for INT
2021-07-14 11:07:55 WARN  NativeCodeLoader:62 - Unable to load native-hadoop library for your platform... using builtin-java classes where applicable
2021-07-14 11:07:56 INFO  SecurityManager:54 - Changing view acls to: root
2021-07-14 11:07:56 INFO  SecurityManager:54 - Changing modify acls to: root
2021-07-14 11:07:56 INFO  SecurityManager:54 - Changing view acls groups to: 
2021-07-14 11:07:56 INFO  SecurityManager:54 - Changing modify acls groups to: 
2021-07-14 11:07:56 INFO  SecurityManager:54 - SecurityManager: authentication disabled; ui acls disabled; users  with view permissions: Set(root); groups with view permissions: Set(); users  with modify permissions: Set(root); groups with modify permissions: Set()
2021-07-14 11:07:57 INFO  Utils:54 - Successfully started service 'sparkMaster' on port 7077.
2021-07-14 11:07:58 INFO  Master:54 - Starting Spark master at spark://dcbd43802322:7077
2021-07-14 11:07:58 INFO  Master:54 - Running Spark version 2.3.4
2021-07-14 11:07:59 INFO  log:192 - Logging initialized @9536ms
2021-07-14 11:07:59 INFO  Server:351 - jetty-9.3.z-SNAPSHOT, build timestamp: unknown, git hash: unknown
2021-07-14 11:07:59 INFO  Server:419 - Started @9953ms
2021-07-14 11:07:59 INFO  AbstractConnector:278 - Started ServerConnector@1bce4cee{HTTP/1.1,[http/1.1]}{0.0.0.0:8080}
2021-07-14 11:07:59 INFO  Utils:54 - Successfully started service 'MasterUI' on port 8080.
2021-07-14 11:07:59 INFO  ContextHandler:781 - Started o.s.j.s.ServletContextHandler@1d1b305b{/app,null,AVAILABLE,@Spark}
2021-07-14 11:07:59 INFO  ContextHandler:781 - Started o.s.j.s.ServletContextHandler@1226bd2d{/app/json,null,AVAILABLE,@Spark}
2021-07-14 11:07:59 INFO  ContextHandler:781 - Started o.s.j.s.ServletContextHandler@7015e35{/,null,AVAILABLE,@Spark}
2021-07-14 11:07:59 INFO  ContextHandler:781 - Started o.s.j.s.ServletContextHandler@4c52b3bf{/json,null,AVAILABLE,@Spark}
2021-07-14 11:08:00 INFO  ContextHandler:781 - Started o.s.j.s.ServletContextHandler@6bbaa0cd{/static,null,AVAILABLE,@Spark}
2021-07-14 11:08:00 INFO  ContextHandler:781 - Started o.s.j.s.ServletContextHandler@153e3baa{/app/kill,null,AVAILABLE,@Spark}
2021-07-14 11:08:00 INFO  ContextHandler:781 - Started o.s.j.s.ServletContextHandler@7cb5405d{/driver/kill,null,AVAILABLE,@Spark}
2021-07-14 11:08:00 INFO  MasterWebUI:54 - Bound MasterWebUI to 0.0.0.0, and started at http://dcbd43802322:8080
2021-07-14 11:08:00 INFO  Server:351 - jetty-9.3.z-SNAPSHOT, build timestamp: unknown, git hash: unknown
2021-07-14 11:08:00 INFO  ContextHandler:781 - Started o.s.j.s.ServletContextHandler@24485252{/,null,AVAILABLE}
2021-07-14 11:08:00 INFO  AbstractConnector:278 - Started ServerConnector@3ba0bd4e{HTTP/1.1,[http/1.1]}{dcbd43802322:6066}
2021-07-14 11:08:00 INFO  Server:419 - Started @10688ms
2021-07-14 11:08:00 INFO  Utils:54 - Successfully started service on port 6066.
2021-07-14 11:08:00 INFO  StandaloneRestServer:54 - Started REST server for submitting applications on port 6066
2021-07-14 11:08:01 INFO  ContextHandler:781 - Started o.s.j.s.ServletContextHandler@141de4e6{/metrics/master/json,null,AVAILABLE,@Spark}
2021-07-14 11:08:01 INFO  ContextHandler:781 - Started o.s.j.s.ServletContextHandler@660bd86a{/metrics/applications/json,null,AVAILABLE,@Spark}
2021-07-14 11:08:01 INFO  Master:54 - I have been elected leader! New state: ALIVE
2021-07-14 11:08:42 INFO  Master:54 - Registering worker 172.18.0.2:38397 with 2 cores, 6.3 GB RAM
