-------------------------------------------
Batch: 0
-------------------------------------------
+-----+---------+
|email|birthYear|
+-----+---------+
+-----+---------+

-------------------------------------------
Batch: 1
-------------------------------------------
+-----+---------+
|email|birthYear|
+-----+---------+
+-----+---------+

-------------------------------------------
Batch: 2
-------------------------------------------
+--------------------+---------+
|               email|birthYear|
+--------------------+---------+
|  Jane.Huey@test.com|     1965|
|Bobby.Phillips@te...|     1964|
|Ashley.Jackson@te...|     1963|
|Santosh.Khatib@te...|     1962|
+--------------------+---------+

-------------------------------------------
Batch: 3
-------------------------------------------
+-----+---------+
|email|birthYear|
+-----+---------+
+-----+---------+

-------------------------------------------
Batch: 4
-------------------------------------------
+-----+---------+
|email|birthYear|
+-----+---------+
+-----+---------+

-------------------------------------------
Batch: 5
-------------------------------------------
+-----+---------+
|email|birthYear|
+-----+---------+
+-----+---------+

-------------------------------------------
Batch: 6
-------------------------------------------
+-----+---------+
|email|birthYear|
+-----+---------+
+-----+---------+

-------------------------------------------
Batch: 7
-------------------------------------------
+-----+---------+
|email|birthYear|
+-----+---------+
+-----+---------+

-------------------------------------------
Batch: 8
-------------------------------------------
+-----+---------+
|email|birthYear|
+-----+---------+
+-----+---------+

-------------------------------------------
Batch: 9
-------------------------------------------
+-----+---------+
|email|birthYear|
+-----+---------+
+-----+---------+

-------------------------------------------
Batch: 10
-------------------------------------------
+-----+---------+
|email|birthYear|
+-----+---------+
+-----+---------+

-------------------------------------------
Batch: 11
-------------------------------------------
+-----+---------+
|email|birthYear|
+-----+---------+
+-----+---------+

-------------------------------------------
Batch: 12
-------------------------------------------
+-----+---------+
|email|birthYear|
+-----+---------+
+-----+---------+

-------------------------------------------
Batch: 13
-------------------------------------------
+-----+---------+
|email|birthYear|
+-----+---------+
+-----+---------+

-------------------------------------------
Batch: 14
-------------------------------------------
+-----+---------+
|email|birthYear|
+-----+---------+
+-----+---------+

-------------------------------------------
Batch: 15
-------------------------------------------
+-----+---------+
|email|birthYear|
+-----+---------+
+-----+---------+

-------------------------------------------
Batch: 16
-------------------------------------------
+-----+---------+
|email|birthYear|
+-----+---------+
+-----+---------+

-------------------------------------------
Batch: 17
-------------------------------------------
+-----+---------+
|email|birthYear|
+-----+---------+
+-----+---------+

-------------------------------------------
Batch: 18
-------------------------------------------
+-----+---------+
|email|birthYear|
+-----+---------+
+-----+---------+

-------------------------------------------
Batch: 19
-------------------------------------------
+-----+---------+
|email|birthYear|
+-----+---------+
+-----+---------+

-------------------------------------------
Batch: 20
-------------------------------------------
+-----+---------+
|email|birthYear|
+-----+---------+
+-----+---------+

-------------------------------------------
Batch: 21
-------------------------------------------
+--------------------+---------+
|               email|birthYear|
+--------------------+---------+
|Travis.Lincoln@te...|     1965|
+--------------------+---------+

-------------------------------------------
Batch: 22
-------------------------------------------
+--------------------+---------+
|               email|birthYear|
+--------------------+---------+
|Neeraj.Anandh@tes...|     1964|
| Sean.Ahmed@test.com|     1963|
|Senthil.Olson@tes...|     1962|
|Angie.Doshi@test.com|     1961|
|Ashley.Khatib@tes...|     1960|
|Frank.Mitra@test.com|     1959|
|Edward.Olson@test...|     1958|
|Danny.Gonzalez@te...|     1957|
|Senthil.Sanchez@t...|     1956|
|Angie.Smith@test.com|     1955|
|David.Sanchez@tes...|     1954|
| Eric.Clark@test.com|     1953|
| Gail.Abram@test.com|     1952|
|Suresh.Habschied@...|     1950|
|Dan.Gonzalez@test...|     1949|
|Angie.Phillips@te...|     1947|
|Travis.Clayton@te...|     1946|
|Edward.Hansen@tes...|     1945|
|Sean.Harris@test.com|     1944|
|  Dan.Clark@test.com|     1943|
+--------------------+---------+
only showing top 20 rows

-------------------------------------------
Batch: 23
-------------------------------------------
+-----+---------+
|email|birthYear|
+-----+---------+
+-----+---------+

